proj.android.cmake/app/build/intermediates/manifest_merge_blame_file/debug/manifest-merger-blame-debug-report.txt
1<?xml version="1.0" encoding="utf-8"?>
2<manifest xmlns:android="http://schemas.android.com/apk/res/android"
3    package="com.live2d.demo"
4    android:versionCode="1"
5    android:versionName="1.0" >
6
7    <uses-sdk
8        android:minSdkVersion="23"
8-->src\main\AndroidManifest.xml
9        android:targetSdkVersion="30" />
9-->src\main\AndroidManifest.xml
10
11    <uses-feature
11-->src\main\AndroidManifest.xml:6:5-8:35
12        android:glEsVersion="0x00020000"
12-->src\main\AndroidManifest.xml:7:9-41
13        android:required="true" />
13-->src\main\AndroidManifest.xml:8:9-32
14
15    <uses-permission android:name="android.permission.SYSTEM_ALERT_WINDOW" />
15-->src\main\AndroidManifest.xml:10:5-78
15-->src\main\AndroidManifest.xml:10:22-75
16    <uses-permission android:name="android.permission.RECORD_AUDIO" />
16-->src\main\AndroidManifest.xml:11:5-71
16-->src\main\AndroidManifest.xml:11:22-68
17    <uses-permission android:name="android.permission.INTERNET" />
17-->src\main\AndroidManifest.xml:12:5-67
17-->src\main\AndroidManifest.xml:12:22-64
18    <uses-permission android:name="android.permission.ACCESS_NETWORK_STATE" />
18-->src\main\AndroidManifest.xml:13:5-79
18-->src\main\AndroidManifest.xml:13:22-76
19    <uses-permission android:name="android.permission.ACCESS_WIFI_STATE" />
19-->src\main\AndroidManifest.xml:14:5-76
19-->src\main\AndroidManifest.xml:14:22-73
20    <uses-permission android:name="android.permission.CHANGE_NETWORK_STATE" />
20-->src\main\AndroidManifest.xml:15:5-79
20-->src\main\AndroidManifest.xml:15:22-76
21    <uses-permission android:name="android.permission.READ_PHONE_STATE" />
21-->src\main\AndroidManifest.xml:16:5-75
21-->src\main\AndroidManifest.xml:16:22-72
22    <uses-permission android:name="android.permission.ACCESS_FINE_LOCATION" />
22-->src\main\AndroidManifest.xml:17:5-79
22-->src\main\AndroidManifest.xml:17:22-76
23    <uses-permission android:name="android.permission.READ_CONTACTS" />
23-->src\main\AndroidManifest.xml:18:5-72
23-->src\main\AndroidManifest.xml:18:22-69
24    <uses-permission android:name="android.permission.READ_EXTERNAL_STORAGE" />
24-->src\main\AndroidManifest.xml:19:5-80
24-->src\main\AndroidManifest.xml:19:22-77
25    <uses-permission android:name="android.permission.WRITE_EXTERNAL_STORAGE" />
25-->src\main\AndroidManifest.xml:20:5-81
25-->src\main\AndroidManifest.xml:20:22-78
26    <uses-permission android:name="android.permission.WRITE_EXTERNAL_STORAGE" />
26-->src\main\AndroidManifest.xml:20:5-81
26-->src\main\AndroidManifest.xml:20:22-78
27
28    <application
28-->src\main\AndroidManifest.xml:25:5-66:19
29        android:name="com.live2d.demo.MyApplication"
29-->src\main\AndroidManifest.xml:26:9-38
30        android:allowBackup="true"
30-->src\main\AndroidManifest.xml:27:9-35
31        android:appComponentFactory="androidx.core.app.CoreComponentFactory"
31-->[androidx.core:core:1.3.1] AndroidManifest.xml:24:18-86
32        android:debuggable="true"
33        android:extractNativeLibs="false"
34        android:icon="@mipmap/app_icon"
34-->src\main\AndroidManifest.xml:28:9-40
35        android:label="@string/app_name"
35-->src\main\AndroidManifest.xml:29:9-41
36        android:roundIcon="@mipmap/ic_launcher_round"
36-->src\main\AndroidManifest.xml:30:9-54
37        android:supportsRtl="true"
37-->src\main\AndroidManifest.xml:31:9-35
38        android:theme="@style/AppTheme"
38-->src\main\AndroidManifest.xml:32:9-40
39        android:usesCleartextTraffic="true" >
39-->src\main\AndroidManifest.xml:33:9-44
40        <activity android:name="com.live2d.demo.Privacy" />
40-->src\main\AndroidManifest.xml:34:9-54
40-->src\main\AndroidManifest.xml:34:19-42
41        <activity android:name="com.live2d.demo.KnowBase" />
41-->src\main\AndroidManifest.xml:35:9-46
41-->src\main\AndroidManifest.xml:35:19-43
42        <activity android:name="com.live2d.demo.Help" />
42-->src\main\AndroidManifest.xml:36:9-42
42-->src\main\AndroidManifest.xml:36:19-39
43        <activity android:name="com.live2d.demo.BaseConfig" />
43-->src\main\AndroidManifest.xml:37:9-48
43-->src\main\AndroidManifest.xml:37:19-45
44        <activity android:name="com.live2d.demo.UploadCorpus" />
44-->src\main\AndroidManifest.xml:38:9-50
44-->src\main\AndroidManifest.xml:38:19-47
45        <activity android:name="com.live2d.demo.UploadAudio" />
45-->src\main\AndroidManifest.xml:39:9-49
45-->src\main\AndroidManifest.xml:39:19-46
46        <activity android:name="com.live2d.demo.ConfigureActivity" />
46-->src\main\AndroidManifest.xml:40:9-55
46-->src\main\AndroidManifest.xml:40:19-52
47        <activity android:name="com.live2d.demo.Dashboard" />
47-->src\main\AndroidManifest.xml:41:9-47
47-->src\main\AndroidManifest.xml:41:19-44
48        <activity
48-->src\main\AndroidManifest.xml:42:9-44:39
49            android:name="com.live2d.demo.LoginActivity"
49-->src\main\AndroidManifest.xml:43:13-42
50            android:exported="true" />
50-->src\main\AndroidManifest.xml:44:13-36
51        <activity android:name="com.live2d.demo.ChatActivity1" />
51-->src\main\AndroidManifest.xml:45:9-51
51-->src\main\AndroidManifest.xml:45:19-48
52        <activity android:name="com.live2d.demo.ChatActivity" />
52-->src\main\AndroidManifest.xml:46:9-50
52-->src\main\AndroidManifest.xml:46:19-47
53        <activity
53-->src\main\AndroidManifest.xml:47:9-49:52
54            android:name="com.live2d.demo.PlusWindow"
54-->src\main\AndroidManifest.xml:48:13-39
55            android:theme="@style/MyDialogStyle" />
55-->src\main\AndroidManifest.xml:49:13-49
56        <activity
56-->src\main\AndroidManifest.xml:50:9-58:20
57            android:name="com.live2d.demo.SplashActivity"
57-->src\main\AndroidManifest.xml:51:13-43
58            android:theme="@android:style/Theme.NoTitleBar.Fullscreen" >
58-->src\main\AndroidManifest.xml:52:13-71
59            <intent-filter>
59-->src\main\AndroidManifest.xml:53:13-57:29
60                <action android:name="android.intent.action.MAIN" />
60-->src\main\AndroidManifest.xml:54:17-69
60-->src\main\AndroidManifest.xml:54:25-66
61
62                <category android:name="android.intent.category.LAUNCHER" />
62-->src\main\AndroidManifest.xml:56:17-77
62-->src\main\AndroidManifest.xml:56:27-74
63            </intent-filter>
64        </activity>
65
66        <service
66-->src\main\AndroidManifest.xml:60:9-63:39
67            android:name="com.live2d.demo.FloatingService"
67-->src\main\AndroidManifest.xml:61:13-44
68            android:enabled="true"
68-->src\main\AndroidManifest.xml:62:13-35
69            android:exported="true" />
69-->src\main\AndroidManifest.xml:63:13-36
70
71        <activity android:name="com.live2d.demo.MainActivity" />
71-->src\main\AndroidManifest.xml:65:9-50
71-->src\main\AndroidManifest.xml:65:19-47
72    </application>
73
74</manifest>